<?xml version="1.0" encoding="UTF-8"?>
<testng-results ignored="0" total="1" passed="1" failed="0" skipped="0">
  <reporter-output>
  </reporter-output>
  <suite started-at="2024-03-20T12:04:59 IST" name="Default suite" finished-at="2024-03-20T12:05:08 IST" duration-ms="8850">
    <groups>
    </groups>
    <test started-at="2024-03-20T12:04:59 IST" name="Default test" finished-at="2024-03-20T12:05:08 IST" duration-ms="8850">
      <class name="automation_practice.Captcha_Handle">
        <test-method signature="captchaHandle()[pri:0, instance:automation_practice.Captcha_Handle@2dde1bff]" started-at="2024-03-20T12:04:59 IST" name="captchaHandle" finished-at="2024-03-20T12:05:08 IST" duration-ms="8825" status="PASS">
          <reporter-output>
          </reporter-output>
        </test-method> <!-- captchaHandle -->
      </class> <!-- automation_practice.Captcha_Handle -->
    </test> <!-- Default test -->
  </suite> <!-- Default suite -->
</testng-results>
