<?xml version="1.0" encoding="UTF-8"?>
<!-- Generated by org.testng.reporters.JUnitXMLReporter -->
<testsuite ignored="1" hostname="WA000034" failures="0" tests="1" name="Default test" time="2.847" errors="0" timestamp="2023-07-01T16:34:09 IST">
  <testcase classname="neckermannAPI_V3.GET_Itineraries_API" name="getitenariesforhotel" time="2.816"/>
  <testcase classname="neckermannAPI_V3.GET_Itineraries_API" name="getitenariesforpackage" time="0.0">
    <ignored/>
  </testcase> <!-- getitenariesforpackage -->
</testsuite> <!-- Default test -->
